2023-07-04 23:54:00,611 +0700 [http-nio-8080-exec-8] INFO  (LoggingAspect.java:33) - New user created! 
2023-07-04 23:59:00,154 +0700 [http-nio-8080-exec-4] ERROR (LoggingAspect.java:41) - java.lang.ClassCastException: class com.techhub.dto.request.UserRegisterDto cannot be cast to class com.techhub.entity.User (com.techhub.dto.request.UserRegisterDto and com.techhub.entity.User are in unnamed module of loader org.springframework.boot.devtools.restart.classloader.RestartClassLoader @27f7f468)
2023-07-05 00:01:38,101 +0700 [http-nio-8080-exec-2] INFO  (LoggingAspect.java:40) - New user created! admin
2023-07-05 07:41:18,354 +0700 [http-nio-8080-exec-5] INFO  (LoggingAspect.java:40) - New user created! admin
2023-07-05 08:47:50,737 +0700 [http-nio-8080-exec-7] INFO  (LoggingAspect.java:40) - New user created! 
2023-07-05 09:02:36,946 +0700 [http-nio-8080-exec-5] INFO  (LoggingAspect.java:40) - Trying to create user:  tambanh
2023-07-05 09:02:42,041 +0700 [http-nio-8080-exec-5] INFO  (LoggingAspect.java:47) - New user created!
2023-07-07 14:23:15,213 +0700 [http-nio-8080-exec-2] INFO  (LoggingAspect.java:36) - Trying to create user:  chungadmin
2023-07-07 14:23:24,540 +0700 [http-nio-8080-exec-2] INFO  (LoggingAspect.java:43) - New user created!
2023-07-07 14:36:53,155 +0700 [http-nio-8080-exec-1] INFO  (LoggingAspect.java:36) - Trying to create user:  testuser
2023-07-07 14:37:01,885 +0700 [http-nio-8080-exec-1] INFO  (LoggingAspect.java:43) - New user created!
2023-07-07 14:42:51,612 +0700 [http-nio-8080-exec-6] INFO  (LoggingAspect.java:36) - Trying to create user:  testuser
2023-07-07 14:48:18,032 +0700 [http-nio-8080-exec-6] INFO  (LoggingAspect.java:47) - Fail to create user!java.lang.NullPointerException: Cannot invoke "org.springframework.web.multipart.MultipartFile.getOriginalFilename()" because "file" is null
2023-07-07 14:48:20,248 +0700 [http-nio-8080-exec-6] ERROR (LoggingAspect.java:30) - Final ex handler: java.lang.NullPointerException: Cannot invoke "org.springframework.web.multipart.MultipartFile.getOriginalFilename()" because "file" is null
2023-07-07 14:48:21,236 +0700 [http-nio-8080-exec-6] ERROR (ExceptionController.java:17) - Errorjava.lang.NullPointerException: Cannot invoke "org.springframework.web.multipart.MultipartFile.getOriginalFilename()" because "file" is null
2023-07-07 14:55:33,352 +0700 [http-nio-8080-exec-1] INFO  (LoggingAspect.java:36) - Trying to create user:  testuser
2023-07-07 15:02:23,858 +0700 [http-nio-8080-exec-1] INFO  (LoggingAspect.java:43) - New user created!
2023-07-07 15:17:22,472 +0700 [http-nio-8080-exec-5] INFO  (LoggingAspect.java:36) - Trying to create user:  testuser
2023-07-07 15:17:53,544 +0700 [http-nio-8080-exec-5] INFO  (LoggingAspect.java:43) - New user created!
2023-07-07 15:23:23,478 +0700 [http-nio-8080-exec-2] INFO  (LoggingAspect.java:36) - Trying to create user:  testuser
2023-07-07 15:23:26,305 +0700 [http-nio-8080-exec-2] INFO  (LoggingAspect.java:43) - New user created!
2023-07-07 15:24:06,298 +0700 [http-nio-8080-exec-4] INFO  (LoggingAspect.java:36) - Trying to create user:  testuser123
2023-07-07 15:24:11,913 +0700 [http-nio-8080-exec-4] INFO  (LoggingAspect.java:43) - New user created!
2023-07-08 12:51:12,635 +0700 [http-nio-8080-exec-2] ERROR (JwtTokenProvider.java:63) - Invalid JWT signature
2023-07-08 12:51:13,349 +0700 [http-nio-8080-exec-2] ERROR (LoggingAspect.java:30) - Final ex handler: org.springframework.web.HttpRequestMethodNotSupportedException: Request method 'POST' not supported
2023-07-08 12:51:13,718 +0700 [http-nio-8080-exec-2] ERROR (ExceptionController.java:17) - Errororg.springframework.web.HttpRequestMethodNotSupportedException: Request method 'POST' not supported
2023-07-08 12:52:37,940 +0700 [http-nio-8080-exec-4] ERROR (JwtTokenProvider.java:63) - Invalid JWT signature
2023-07-08 12:52:38,553 +0700 [http-nio-8080-exec-4] ERROR (LoggingAspect.java:30) - Final ex handler: org.springframework.web.bind.MissingRequestHeaderException: Required request header 'Cookie' for method parameter type String[] is not present
2023-07-08 12:52:38,914 +0700 [http-nio-8080-exec-4] ERROR (ExceptionController.java:17) - Errororg.springframework.web.bind.MissingRequestHeaderException: Required request header 'Cookie' for method parameter type String[] is not present
2023-07-08 12:53:44,724 +0700 [http-nio-8080-exec-2] ERROR (JwtTokenProvider.java:63) - Invalid JWT signature
2023-07-08 12:53:45,481 +0700 [http-nio-8080-exec-2] ERROR (LoggingAspect.java:30) - Final ex handler: org.springframework.web.bind.MissingRequestHeaderException: Required request header 'Cookie' for method parameter type String[] is not present
2023-07-08 12:53:45,864 +0700 [http-nio-8080-exec-2] ERROR (ExceptionController.java:17) - Errororg.springframework.web.bind.MissingRequestHeaderException: Required request header 'Cookie' for method parameter type String[] is not present
2023-07-08 12:54:16,358 +0700 [http-nio-8080-exec-3] ERROR (LoggingAspect.java:30) - Final ex handler: org.springframework.web.bind.MissingRequestHeaderException: Required request header 'Cookie' for method parameter type String[] is not present
2023-07-08 12:54:17,061 +0700 [http-nio-8080-exec-3] ERROR (ExceptionController.java:17) - Errororg.springframework.web.bind.MissingRequestHeaderException: Required request header 'Cookie' for method parameter type String[] is not present
2023-07-08 12:54:37,638 +0700 [http-nio-8080-exec-4] ERROR (LoggingAspect.java:30) - Final ex handler: org.springframework.web.HttpRequestMethodNotSupportedException: Request method 'POST' not supported
2023-07-08 12:54:38,072 +0700 [http-nio-8080-exec-4] ERROR (ExceptionController.java:17) - Errororg.springframework.web.HttpRequestMethodNotSupportedException: Request method 'POST' not supported
2023-07-08 12:54:44,766 +0700 [http-nio-8080-exec-5] ERROR (LoggingAspect.java:30) - Final ex handler: org.springframework.web.HttpRequestMethodNotSupportedException: Request method 'POST' not supported
2023-07-08 12:54:45,468 +0700 [http-nio-8080-exec-5] ERROR (ExceptionController.java:17) - Errororg.springframework.web.HttpRequestMethodNotSupportedException: Request method 'POST' not supported
2023-07-08 12:57:10,710 +0700 [http-nio-8080-exec-6] ERROR (LoggingAspect.java:30) - Final ex handler: org.springframework.web.HttpRequestMethodNotSupportedException: Request method 'POST' not supported
2023-07-08 12:57:11,347 +0700 [http-nio-8080-exec-6] ERROR (ExceptionController.java:17) - Errororg.springframework.web.HttpRequestMethodNotSupportedException: Request method 'POST' not supported
2023-07-08 13:04:03,566 +0700 [http-nio-8080-exec-9] ERROR (LoggingAspect.java:30) - Final ex handler: org.springframework.web.HttpRequestMethodNotSupportedException: Request method 'POST' not supported
2023-07-08 13:04:04,008 +0700 [http-nio-8080-exec-9] ERROR (ExceptionController.java:17) - Errororg.springframework.web.HttpRequestMethodNotSupportedException: Request method 'POST' not supported
2023-07-08 13:06:07,876 +0700 [http-nio-8080-exec-1] ERROR (LoggingAspect.java:30) - Final ex handler: org.springframework.web.HttpRequestMethodNotSupportedException: Request method 'POST' not supported
2023-07-08 13:06:08,376 +0700 [http-nio-8080-exec-1] ERROR (ExceptionController.java:17) - Errororg.springframework.web.HttpRequestMethodNotSupportedException: Request method 'POST' not supported
2023-07-08 13:06:19,751 +0700 [http-nio-8080-exec-3] ERROR (LoggingAspect.java:30) - Final ex handler: org.springframework.web.bind.MissingRequestHeaderException: Required request header 'Authorization' for method parameter type String is not present
2023-07-08 13:06:20,249 +0700 [http-nio-8080-exec-3] ERROR (ExceptionController.java:17) - Errororg.springframework.web.bind.MissingRequestHeaderException: Required request header 'Authorization' for method parameter type String is not present
2023-07-08 13:10:35,392 +0700 [http-nio-8080-exec-4] ERROR (JwtTokenProvider.java:63) - Invalid JWT signature
2023-07-08 21:07:47,698 +0700 [http-nio-8080-exec-10] ERROR (JwtTokenProvider.java:66) - Invalid JWT token
2023-07-08 21:09:28,616 +0700 [http-nio-8080-exec-10] ERROR (LoggingAspect.java:30) - Final ex handler: io.jsonwebtoken.MalformedJwtException: JWT strings must contain exactly 2 period characters. Found: 0
2023-07-08 21:09:29,106 +0700 [http-nio-8080-exec-10] ERROR (ExceptionController.java:16) - ErrorJWT strings must contain exactly 2 period characters. Found: 0io.jsonwebtoken.MalformedJwtException: JWT strings must contain exactly 2 period characters. Found: 0
2023-07-08 21:34:12,226 +0700 [http-nio-8080-exec-4] INFO  (LoggingAspect.java:36) - Trying to create user:  chung219
2023-07-08 21:34:14,375 +0700 [http-nio-8080-exec-4] INFO  (LoggingAspect.java:43) - New user created!
2023-07-08 22:28:04,221 +0700 [http-nio-8080-exec-2] ERROR (LoggingAspect.java:30) - Final ex handler: org.springframework.web.bind.MissingRequestHeaderException: Required request header 'Authorization' for method parameter type String is not present
2023-07-08 22:28:05,047 +0700 [http-nio-8080-exec-2] ERROR (ExceptionController.java:16) - ErrorRequired request header 'Authorization' for method parameter type String is not presentorg.springframework.web.bind.MissingRequestHeaderException: Required request header 'Authorization' for method parameter type String is not present
2023-07-08 22:36:30,443 +0700 [http-nio-8080-exec-1] ERROR (LoggingAspect.java:30) - Final ex handler: org.springframework.web.HttpMediaTypeNotSupportedException: Content type 'multipart/form-data;boundary=--------------------------430365042271742526320983;charset=UTF-8' not supported
2023-07-08 22:36:30,940 +0700 [http-nio-8080-exec-1] ERROR (ExceptionController.java:16) - ErrorContent type 'multipart/form-data;boundary=--------------------------430365042271742526320983;charset=UTF-8' not supportedorg.springframework.web.HttpMediaTypeNotSupportedException: Content type 'multipart/form-data;boundary=--------------------------430365042271742526320983;charset=UTF-8' not supported
2023-07-08 22:37:11,804 +0700 [http-nio-8080-exec-3] ERROR (LoggingAspect.java:30) - Final ex handler: org.springframework.web.HttpMediaTypeNotSupportedException: Content type 'multipart/form-data;boundary=--------------------------316310516399250790344062;charset=UTF-8' not supported
2023-07-08 22:37:12,275 +0700 [http-nio-8080-exec-3] ERROR (ExceptionController.java:16) - ErrorContent type 'multipart/form-data;boundary=--------------------------316310516399250790344062;charset=UTF-8' not supportedorg.springframework.web.HttpMediaTypeNotSupportedException: Content type 'multipart/form-data;boundary=--------------------------316310516399250790344062;charset=UTF-8' not supported
2023-07-08 22:40:38,333 +0700 [http-nio-8080-exec-2] ERROR (LoggingAspect.java:30) - Final ex handler: org.springframework.web.HttpMediaTypeNotSupportedException: Content type 'multipart/form-data;boundary=--------------------------589380859585729040984086;charset=UTF-8' not supported
2023-07-08 22:40:38,833 +0700 [http-nio-8080-exec-2] ERROR (ExceptionController.java:18) - ErrorContent type 'multipart/form-data;boundary=--------------------------589380859585729040984086;charset=UTF-8' not supportedorg.springframework.web.HttpMediaTypeNotSupportedException: Content type 'multipart/form-data;boundary=--------------------------589380859585729040984086;charset=UTF-8' not supported
2023-07-08 22:41:54,635 +0700 [http-nio-8080-exec-1] ERROR (LoggingAspect.java:30) - Final ex handler: org.springframework.web.HttpMediaTypeNotSupportedException: Content type 'multipart/form-data;boundary=--------------------------781986968638793155267100;charset=UTF-8' not supported
2023-07-08 22:41:55,340 +0700 [http-nio-8080-exec-1] ERROR (ExceptionController.java:18) - ErrorContent type 'multipart/form-data;boundary=--------------------------781986968638793155267100;charset=UTF-8' not supportedorg.springframework.web.HttpMediaTypeNotSupportedException: Content type 'multipart/form-data;boundary=--------------------------781986968638793155267100;charset=UTF-8' not supported
2023-07-09 09:51:08,942 +0700 [http-nio-8080-exec-1] ERROR (LoggingAspect.java:30) - Final ex handler: org.springframework.web.HttpRequestMethodNotSupportedException: Request method 'POST' not supported
2023-07-09 09:51:09,593 +0700 [http-nio-8080-exec-1] ERROR (ExceptionController.java:18) - ErrorRequest method 'POST' not supportedorg.springframework.web.HttpRequestMethodNotSupportedException: Request method 'POST' not supported
2023-07-09 15:51:59,708 +0700 [http-nio-8080-exec-4] ERROR (LoggingAspect.java:30) - Final ex handler: org.springframework.http.converter.HttpMessageNotReadableException: JSON parse error: Cannot deserialize value of type `boolean` from String "on": only "true"/"True"/"TRUE" or "false"/"False"/"FALSE" recognized; nested exception is com.fasterxml.jackson.databind.exc.InvalidFormatException: Cannot deserialize value of type `boolean` from String "on": only "true"/"True"/"TRUE" or "false"/"False"/"FALSE" recognized
 at [Source: (org.springframework.util.StreamUtils$NonClosingInputStream); line: 1, column: 62] (through reference chain: com.techhub.dto.request.LoginRequest["rememberMe"])
2023-07-09 15:52:00,902 +0700 [http-nio-8080-exec-4] ERROR (ExceptionController.java:18) - ErrorJSON parse error: Cannot deserialize value of type `boolean` from String "on": only "true"/"True"/"TRUE" or "false"/"False"/"FALSE" recognized; nested exception is com.fasterxml.jackson.databind.exc.InvalidFormatException: Cannot deserialize value of type `boolean` from String "on": only "true"/"True"/"TRUE" or "false"/"False"/"FALSE" recognized
 at [Source: (org.springframework.util.StreamUtils$NonClosingInputStream); line: 1, column: 62] (through reference chain: com.techhub.dto.request.LoginRequest["rememberMe"])org.springframework.http.converter.HttpMessageNotReadableException: JSON parse error: Cannot deserialize value of type `boolean` from String "on": only "true"/"True"/"TRUE" or "false"/"False"/"FALSE" recognized; nested exception is com.fasterxml.jackson.databind.exc.InvalidFormatException: Cannot deserialize value of type `boolean` from String "on": only "true"/"True"/"TRUE" or "false"/"False"/"FALSE" recognized
 at [Source: (org.springframework.util.StreamUtils$NonClosingInputStream); line: 1, column: 62] (through reference chain: com.techhub.dto.request.LoginRequest["rememberMe"])
2023-07-09 15:56:07,128 +0700 [http-nio-8080-exec-1] ERROR (LoggingAspect.java:30) - Final ex handler: org.springframework.http.converter.HttpMessageNotReadableException: JSON parse error: Cannot deserialize value of type `boolean` from String "on": only "true"/"True"/"TRUE" or "false"/"False"/"FALSE" recognized; nested exception is com.fasterxml.jackson.databind.exc.InvalidFormatException: Cannot deserialize value of type `boolean` from String "on": only "true"/"True"/"TRUE" or "false"/"False"/"FALSE" recognized
 at [Source: (org.springframework.util.StreamUtils$NonClosingInputStream); line: 1, column: 62] (through reference chain: com.techhub.dto.request.LoginRequest["rememberMe"])
2023-07-09 15:56:07,645 +0700 [http-nio-8080-exec-1] ERROR (ExceptionController.java:18) - ErrorJSON parse error: Cannot deserialize value of type `boolean` from String "on": only "true"/"True"/"TRUE" or "false"/"False"/"FALSE" recognized; nested exception is com.fasterxml.jackson.databind.exc.InvalidFormatException: Cannot deserialize value of type `boolean` from String "on": only "true"/"True"/"TRUE" or "false"/"False"/"FALSE" recognized
 at [Source: (org.springframework.util.StreamUtils$NonClosingInputStream); line: 1, column: 62] (through reference chain: com.techhub.dto.request.LoginRequest["rememberMe"])org.springframework.http.converter.HttpMessageNotReadableException: JSON parse error: Cannot deserialize value of type `boolean` from String "on": only "true"/"True"/"TRUE" or "false"/"False"/"FALSE" recognized; nested exception is com.fasterxml.jackson.databind.exc.InvalidFormatException: Cannot deserialize value of type `boolean` from String "on": only "true"/"True"/"TRUE" or "false"/"False"/"FALSE" recognized
 at [Source: (org.springframework.util.StreamUtils$NonClosingInputStream); line: 1, column: 62] (through reference chain: com.techhub.dto.request.LoginRequest["rememberMe"])
2023-07-09 16:11:51,856 +0700 [http-nio-8080-exec-1] ERROR (LoggingAspect.java:30) - Final ex handler: org.springframework.web.bind.MissingRequestHeaderException: Required request header 'Authorization' for method parameter type String is not present
2023-07-09 16:11:52,443 +0700 [http-nio-8080-exec-1] ERROR (ExceptionController.java:18) - ErrorRequired request header 'Authorization' for method parameter type String is not presentorg.springframework.web.bind.MissingRequestHeaderException: Required request header 'Authorization' for method parameter type String is not present
